This is pdfTeX, Version 3.14159265-2.6-1.40.19 (TeX Live 2018) (preloaded format=pdflatex 2018.10.20)  5 FEB 2019 15:53
entering extended mode
 restricted \write18 enabled.
 file:line:error style messages enabled.
 %&-line parsing enabled.
**"SVAC report.tex"
(./SVAC report.tex
LaTeX2e <2018-04-01> patch level 5
(/usr/local/texlive/2018/texmf-dist/tex/latex/base/article.cls
Document Class: article 2014/09/29 v1.4h Standard LaTeX document class
(/usr/local/texlive/2018/texmf-dist/tex/latex/base/size12.clo
File: size12.clo 2014/09/29 v1.4h Standard LaTeX file (size option)
)
\c@part=\count80
\c@section=\count81
\c@subsection=\count82
\c@subsubsection=\count83
\c@paragraph=\count84
\c@subparagraph=\count85
\c@figure=\count86
\c@table=\count87
\abovecaptionskip=\skip41
\belowcaptionskip=\skip42
\bibindent=\dimen102
)
(/usr/local/texlive/2018/texmf-dist/tex/generic/babel/babel.sty
Package: babel 2018/10/16 3.26 The Babel package

(/usr/local/texlive/2018/texmf-dist/tex/generic/babel/switch.def
File: switch.def 2018/10/16 3.26 Babel switching mechanism
)
(/usr/local/texlive/2018/texmf-dist/tex/generic/babel-english/english.ldf
Language: english 2017/06/06 v3.3r English support from the babel system

(/usr/local/texlive/2018/texmf-dist/tex/generic/babel/babel.def
File: babel.def 2018/10/16 3.26 Babel common definitions
\babel@savecnt=\count88
\U@D=\dimen103

(/usr/local/texlive/2018/texmf-dist/tex/generic/babel/txtbabel.def)
\bbl@dirlevel=\count89
)
\l@canadian = a dialect from \language\l@american 
\l@australian = a dialect from \language\l@british 
\l@newzealand = a dialect from \language\l@british 
))
(/usr/local/texlive/2018/texmf-dist/tex/latex/base/inputenc.sty
Package: inputenc 2018/04/06 v1.3b Input encoding file
\inpenc@prehook=\toks14
\inpenc@posthook=\toks15
)
(/usr/local/texlive/2018/texmf-dist/tex/latex/geometry/geometry.sty
Package: geometry 2018/04/16 v5.8 Page Geometry

(/usr/local/texlive/2018/texmf-dist/tex/latex/graphics/keyval.sty
Package: keyval 2014/10/28 v1.15 key=value parser (DPC)
\KV@toks@=\toks16
)
(/usr/local/texlive/2018/texmf-dist/tex/generic/oberdiek/ifpdf.sty
Package: ifpdf 2018/09/07 v3.3 Provides the ifpdf switch
)
(/usr/local/texlive/2018/texmf-dist/tex/generic/oberdiek/ifvtex.sty
Package: ifvtex 2016/05/16 v1.6 Detect VTeX and its facilities (HO)
Package ifvtex Info: VTeX not detected.
)
(/usr/local/texlive/2018/texmf-dist/tex/generic/ifxetex/ifxetex.sty
Package: ifxetex 2010/09/12 v0.6 Provides ifxetex conditional
)
\Gm@cnth=\count90
\Gm@cntv=\count91
\c@Gm@tempcnt=\count92
\Gm@bindingoffset=\dimen104
\Gm@wd@mp=\dimen105
\Gm@odd@mp=\dimen106
\Gm@even@mp=\dimen107
\Gm@layoutwidth=\dimen108
\Gm@layoutheight=\dimen109
\Gm@layouthoffset=\dimen110
\Gm@layoutvoffset=\dimen111
\Gm@dimlist=\toks17
)
(/usr/local/texlive/2018/texmf-dist/tex/latex/parskip/parskip.sty
Package: parskip 2018-08-24 v2.0a non-zero parskip adjustments

(/usr/local/texlive/2018/texmf-dist/tex/latex/oberdiek/kvoptions.sty
Package: kvoptions 2016/05/16 v3.12 Key value format for package options (HO)

(/usr/local/texlive/2018/texmf-dist/tex/generic/oberdiek/ltxcmds.sty
Package: ltxcmds 2016/05/16 v1.23 LaTeX kernel commands for general use (HO)
)
(/usr/local/texlive/2018/texmf-dist/tex/generic/oberdiek/kvsetkeys.sty
Package: kvsetkeys 2016/05/16 v1.17 Key value parser (HO)

(/usr/local/texlive/2018/texmf-dist/tex/generic/oberdiek/infwarerr.sty
Package: infwarerr 2016/05/16 v1.4 Providing info/warning/error messages (HO)
)
(/usr/local/texlive/2018/texmf-dist/tex/generic/oberdiek/etexcmds.sty
Package: etexcmds 2016/05/16 v1.6 Avoid name clashes with e-TeX commands (HO)

(/usr/local/texlive/2018/texmf-dist/tex/generic/oberdiek/ifluatex.sty
Package: ifluatex 2016/05/16 v1.4 Provides the ifluatex switch (HO)
Package ifluatex Info: LuaTeX not detected.
)
Package etexcmds Info: Could not find \expanded.
(etexcmds)             That can mean that you are not using pdfTeX 1.50 or
(etexcmds)             that some package has redefined \expanded.
(etexcmds)             In the latter case, load this package earlier.
)))
(/usr/local/texlive/2018/texmf-dist/tex/latex/etoolbox/etoolbox.sty
Package: etoolbox 2018/08/19 v2.5f e-TeX tools for LaTeX (JAW)
\etb@tempcnta=\count93
))
(/usr/local/texlive/2018/texmf-dist/tex/latex/enumitem/enumitem.sty
Package: enumitem 2011/09/28 v3.5.2 Customized lists
\labelindent=\skip43
\enit@outerparindent=\dimen112
\enit@toks=\toks18
\enit@inbox=\box26
\enitdp@description=\count94
)
(/usr/local/texlive/2018/texmf-dist/tex/latex/setspace/setspace.sty
Package: setspace 2011/12/19 v6.7a set line spacing
)
(/usr/local/texlive/2018/texmf-dist/tex/latex/graphics/graphicx.sty
Package: graphicx 2017/06/01 v1.1a Enhanced LaTeX Graphics (DPC,SPQR)

(/usr/local/texlive/2018/texmf-dist/tex/latex/graphics/graphics.sty
Package: graphics 2017/06/25 v1.2c Standard LaTeX Graphics (DPC,SPQR)

(/usr/local/texlive/2018/texmf-dist/tex/latex/graphics/trig.sty
Package: trig 2016/01/03 v1.10 sin cos tan (DPC)
)
(/usr/local/texlive/2018/texmf-dist/tex/latex/graphics-cfg/graphics.cfg
File: graphics.cfg 2016/06/04 v1.11 sample graphics configuration
)
Package graphics Info: Driver file: pdftex.def on input line 99.

(/usr/local/texlive/2018/texmf-dist/tex/latex/graphics-def/pdftex.def
File: pdftex.def 2018/01/08 v1.0l Graphics/color driver for pdftex
))
\Gin@req@height=\dimen113
\Gin@req@width=\dimen114
)
(/usr/local/texlive/2018/texmf-dist/tex/latex/float/float.sty
Package: float 2001/11/08 v1.3d Float enhancements (AL)
\c@float@type=\count95
\float@exts=\toks19
\float@box=\box27
\@float@everytoks=\toks20
\@floatcapt=\box28
)
(/usr/local/texlive/2018/texmf-dist/tex/latex/oberdiek/pdflscape.sty
Package: pdflscape 2016/05/14 v0.11 Display of landscape pages in PDF (HO)

(/usr/local/texlive/2018/texmf-dist/tex/latex/graphics/lscape.sty
Package: lscape 2000/10/22 v3.01 Landscape Pages (DPC)
)
Package pdflscape Info: Auto-detected driver: pdftex on input line 81.
)
(/usr/local/texlive/2018/texmf-dist/tex/latex/wrapfig/wrapfig.sty
\wrapoverhang=\dimen115
\WF@size=\dimen116
\c@WF@wrappedlines=\count96
\WF@box=\box29
\WF@everypar=\toks21
Package: wrapfig 2003/01/31  v 3.6
)
(/usr/local/texlive/2018/texmf-dist/tex/latex/fancyhdr/fancyhdr.sty
Package: fancyhdr 2017/06/30 v3.9a Extensive control of page headers and footer
s
\f@nch@headwidth=\skip44
\f@nch@O@elh=\skip45
\f@nch@O@erh=\skip46
\f@nch@O@olh=\skip47
\f@nch@O@orh=\skip48
\f@nch@O@elf=\skip49
\f@nch@O@erf=\skip50
\f@nch@O@olf=\skip51
\f@nch@O@orf=\skip52
)
(/usr/local/texlive/2018/texmf-dist/tex/latex/amsmath/amsmath.sty
Package: amsmath 2017/09/02 v2.17a AMS math features
\@mathmargin=\skip53

For additional information on amsmath, use the `?' option.
(/usr/local/texlive/2018/texmf-dist/tex/latex/amsmath/amstext.sty
Package: amstext 2000/06/29 v2.01 AMS text

(/usr/local/texlive/2018/texmf-dist/tex/latex/amsmath/amsgen.sty
File: amsgen.sty 1999/11/30 v2.0 generic functions
\@emptytoks=\toks22
\ex@=\dimen117
))
(/usr/local/texlive/2018/texmf-dist/tex/latex/amsmath/amsbsy.sty
Package: amsbsy 1999/11/29 v1.2d Bold Symbols
\pmbraise@=\dimen118
)
(/usr/local/texlive/2018/texmf-dist/tex/latex/amsmath/amsopn.sty
Package: amsopn 2016/03/08 v2.02 operator names
)
\inf@bad=\count97
LaTeX Info: Redefining \frac on input line 213.
\uproot@=\count98
\leftroot@=\count99
LaTeX Info: Redefining \overline on input line 375.
\classnum@=\count100
\DOTSCASE@=\count101
LaTeX Info: Redefining \ldots on input line 472.
LaTeX Info: Redefining \dots on input line 475.
LaTeX Info: Redefining \cdots on input line 596.
\Mathstrutbox@=\box30
\strutbox@=\box31
\big@size=\dimen119
LaTeX Font Info:    Redeclaring font encoding OML on input line 712.
LaTeX Font Info:    Redeclaring font encoding OMS on input line 713.
\macc@depth=\count102
\c@MaxMatrixCols=\count103
\dotsspace@=\muskip10
\c@parentequation=\count104
\dspbrk@lvl=\count105
\tag@help=\toks23
\row@=\count106
\column@=\count107
\maxfields@=\count108
\andhelp@=\toks24
\eqnshift@=\dimen120
\alignsep@=\dimen121
\tagshift@=\dimen122
\tagwidth@=\dimen123
\totwidth@=\dimen124
\lineht@=\dimen125
\@envbody=\toks25
\multlinegap=\skip54
\multlinetaggap=\skip55
\mathdisplay@stack=\toks26
LaTeX Info: Redefining \[ on input line 2817.
LaTeX Info: Redefining \] on input line 2818.
)
(/usr/local/texlive/2018/texmf-dist/tex/latex/mathtools/mathtools.sty
Package: mathtools 2018/01/08 v1.21 mathematical typesetting tools

(/usr/local/texlive/2018/texmf-dist/tex/latex/tools/calc.sty
Package: calc 2017/05/25 v4.3 Infix arithmetic (KKT,FJ)
\calc@Acount=\count109
\calc@Bcount=\count110
\calc@Adimen=\dimen126
\calc@Bdimen=\dimen127
\calc@Askip=\skip56
\calc@Bskip=\skip57
LaTeX Info: Redefining \setlength on input line 80.
LaTeX Info: Redefining \addtolength on input line 81.
\calc@Ccount=\count111
\calc@Cskip=\skip58
)
(/usr/local/texlive/2018/texmf-dist/tex/latex/mathtools/mhsetup.sty
Package: mhsetup 2017/03/31 v1.3 programming setup (MH)
)
LaTeX Info: Thecontrolsequence`\('isalreadyrobust on input line 129.
LaTeX Info: Thecontrolsequence`\)'isalreadyrobust on input line 129.
LaTeX Info: Thecontrolsequence`\['isalreadyrobust on input line 129.
LaTeX Info: Thecontrolsequence`\]'isalreadyrobust on input line 129.
\g_MT_multlinerow_int=\count112
\l_MT_multwidth_dim=\dimen128
\origjot=\skip59
\l_MT_shortvdotswithinadjustabove_dim=\dimen129
\l_MT_shortvdotswithinadjustbelow_dim=\dimen130
\l_MT_above_intertext_sep=\dimen131
\l_MT_below_intertext_sep=\dimen132
\l_MT_above_shortintertext_sep=\dimen133
\l_MT_below_shortintertext_sep=\dimen134
)
(/usr/local/texlive/2018/texmf-dist/tex/latex/booktabs/booktabs.sty
Package: booktabs 2016/04/27 v1.618033 publication quality tables
\heavyrulewidth=\dimen135
\lightrulewidth=\dimen136
\cmidrulewidth=\dimen137
\belowrulesep=\dimen138
\belowbottomsep=\dimen139
\aboverulesep=\dimen140
\abovetopsep=\dimen141
\cmidrulesep=\dimen142
\cmidrulekern=\dimen143
\defaultaddspace=\dimen144
\@cmidla=\count113
\@cmidlb=\count114
\@aboverulesep=\dimen145
\@belowrulesep=\dimen146
\@thisruleclass=\count115
\@lastruleclass=\count116
\@thisrulewidth=\dimen147
)
(/usr/local/texlive/2018/texmf-dist/tex/latex/tools/multicol.sty
Package: multicol 2018/04/20 v1.8s multicolumn formatting (FMi)
\c@tracingmulticols=\count117
\mult@box=\box32
\multicol@leftmargin=\dimen148
\c@unbalance=\count118
\c@collectmore=\count119
\doublecol@number=\count120
\multicoltolerance=\count121
\multicolpretolerance=\count122
\full@width=\dimen149
\page@free=\dimen150
\premulticols=\dimen151
\postmulticols=\dimen152
\multicolsep=\skip60
\multicolbaselineskip=\skip61
\partial@page=\box33
\last@line=\box34
\maxbalancingoverflow=\dimen153
\mult@rightbox=\box35
\mult@grightbox=\box36
\mult@gfirstbox=\box37
\mult@firstbox=\box38
\@tempa=\box39
\@tempa=\box40
\@tempa=\box41
\@tempa=\box42
\@tempa=\box43
\@tempa=\box44
\@tempa=\box45
\@tempa=\box46
\@tempa=\box47
\@tempa=\box48
\@tempa=\box49
\@tempa=\box50
\@tempa=\box51
\@tempa=\box52
\@tempa=\box53
\@tempa=\box54
\@tempa=\box55
\c@columnbadness=\count123
\c@finalcolumnbadness=\count124
\last@try=\dimen154
\multicolovershoot=\dimen155
\multicolundershoot=\dimen156
\mult@nat@firstbox=\box56
\colbreak@box=\box57
\mc@col@check@num=\count125
)
(/usr/local/texlive/2018/texmf-dist/tex/latex/subfig/subfig.sty
Package: subfig 2005/06/28 ver: 1.3 subfig package

(/usr/local/texlive/2018/texmf-dist/tex/latex/caption/caption.sty
Package: caption 2018/10/06 v3.3-154 Customizing captions (AR)

(/usr/local/texlive/2018/texmf-dist/tex/latex/caption/caption3.sty
Package: caption3 2018/09/12 v1.8c caption3 kernel (AR)
Package caption3 Info: TeX engine: e-TeX on input line 64.
\captionmargin=\dimen157
\captionmargin@=\dimen158
\captionwidth=\dimen159
\caption@tempdima=\dimen160
\caption@indent=\dimen161
\caption@parindent=\dimen162
\caption@hangindent=\dimen163
)
\c@caption@flags=\count126
\c@ContinuedFloat=\count127
Package caption Info: float package is loaded.
Package caption Info: wrapfig package is loaded.
)
\c@KVtest=\count128
\sf@farskip=\skip62
\sf@captopadj=\dimen164
\sf@capskip=\skip63
\sf@nearskip=\skip64
\c@subfigure=\count129
\c@subfigure@save=\count130
\c@lofdepth=\count131
\c@subtable=\count132
\c@subtable@save=\count133
\c@lotdepth=\count134
\sf@top=\skip65
\sf@bottom=\skip66
)
(/usr/local/texlive/2018/texmf-dist/tex/latex/graphics/rotating.sty
Package: rotating 2016/08/11 v2.16d rotated objects in LaTeX

(/usr/local/texlive/2018/texmf-dist/tex/latex/base/ifthen.sty
Package: ifthen 2014/09/29 v1.1c Standard LaTeX ifthen package (DPC)
)
\c@r@tfl@t=\count135
\rotFPtop=\skip67
\rotFPbot=\skip68
\rot@float@box=\box58
\rot@mess@toks=\toks27
)
(/usr/local/texlive/2018/texmf-dist/tex/latex/tools/longtable.sty
Package: longtable 2014/10/28 v4.11 Multi-page Table package (DPC)
\LTleft=\skip69
\LTright=\skip70
\LTpre=\skip71
\LTpost=\skip72
\LTchunksize=\count136
\LTcapwidth=\dimen165
\LT@head=\box59
\LT@firsthead=\box60
\LT@foot=\box61
\LT@lastfoot=\box62
\LT@cols=\count137
\LT@rows=\count138
\c@LT@tables=\count139
\c@LT@chunks=\count140
\LT@p@ftn=\toks28
)
(/usr/local/texlive/2018/texmf-dist/tex/latex/xcolor/xcolor.sty
Package: xcolor 2016/05/11 v2.12 LaTeX color extensions (UK)

(/usr/local/texlive/2018/texmf-dist/tex/latex/graphics-cfg/color.cfg
File: color.cfg 2016/01/02 v1.6 sample color configuration
)
Package xcolor Info: Driver file: pdftex.def on input line 225.

(/usr/local/texlive/2018/texmf-dist/tex/latex/colortbl/colortbl.sty
Package: colortbl 2018/05/02 v1.0c Color table columns (DPC)

(/usr/local/texlive/2018/texmf-dist/tex/latex/tools/array.sty
Package: array 2018/04/30 v2.4h Tabular extension package (FMi)
\col@sep=\dimen166
\ar@mcellbox=\box63
\extrarowheight=\dimen167
\NC@list=\toks29
\extratabsurround=\skip73
\backup@length=\skip74
\ar@cellbox=\box64
)
\everycr=\toks30
\minrowclearance=\skip75
)
\rownum=\count141
Package xcolor Info: Model `cmy' substituted by `cmy0' on input line 1348.
Package xcolor Info: Model `hsb' substituted by `rgb' on input line 1352.
Package xcolor Info: Model `RGB' extended on input line 1364.
Package xcolor Info: Model `HTML' substituted by `rgb' on input line 1366.
Package xcolor Info: Model `Hsb' substituted by `hsb' on input line 1367.
Package xcolor Info: Model `tHsb' substituted by `hsb' on input line 1368.
Package xcolor Info: Model `HSB' substituted by `hsb' on input line 1369.
Package xcolor Info: Model `Gray' substituted by `gray' on input line 1370.
Package xcolor Info: Model `wave' substituted by `hsb' on input line 1371.
)
(/usr/local/texlive/2018/texmf-dist/tex/latex/makecell/makecell.sty
Package: makecell 2009/08/03 V0.1e Managing of Tab Column Heads and Cells
\rotheadsize=\dimen168
\c@nlinenum=\count142
\TeXr@lab=\toks31
)
(/usr/local/texlive/2018/texmf-dist/tex/latex/cellspace/cellspace.sty
Package: cellspace 2017/08/12 v1.7 Spacing table cells (JN)

(/usr/local/texlive/2018/texmf-dist/tex/latex/xkeyval/xkeyval.sty
Package: xkeyval 2014/12/03 v2.7a package option processing (HA)

(/usr/local/texlive/2018/texmf-dist/tex/generic/xkeyval/xkeyval.tex
(/usr/local/texlive/2018/texmf-dist/tex/generic/xkeyval/xkvutils.tex
\XKV@toks=\toks32
\XKV@tempa@toks=\toks33
)
\XKV@depth=\count143
File: xkeyval.tex 2014/12/03 v2.7a key=value parser (HA)
))
\cellspacetoplimit=\dimen169
\cellspacebottomlimit=\dimen170
\cellspace@firstht=\dimen171
\cellspace@lastdp=\dimen172
)
(/usr/local/texlive/2018/texmf-dist/tex/latex/mdframed/mdframed.sty
Package: mdframed 2013/07/01 1.9b: mdframed

(/usr/local/texlive/2018/texmf-dist/tex/latex/l3packages/xparse/xparse.sty
(/usr/local/texlive/2018/texmf-dist/tex/latex/l3kernel/expl3.sty
Package: expl3 2018-10-17 L3 programming layer (loader) 

(/usr/local/texlive/2018/texmf-dist/tex/latex/l3kernel/expl3-code.tex
Package: expl3 2018-10-17 L3 programming layer (code)
\c_max_int=\count144
\l_tmpa_int=\count145
\l_tmpb_int=\count146
\g_tmpa_int=\count147
\g_tmpb_int=\count148
\g__kernel_prg_map_int=\count149
\c_log_iow=\count150
\l_iow_line_count_int=\count151
\l__iow_line_target_int=\count152
\l__iow_one_indent_int=\count153
\l__iow_indent_int=\count154
\c_zero_dim=\dimen173
\c_max_dim=\dimen174
\l_tmpa_dim=\dimen175
\l_tmpb_dim=\dimen176
\g_tmpa_dim=\dimen177
\g_tmpb_dim=\dimen178
\c_zero_skip=\skip76
\c_max_skip=\skip77
\l_tmpa_skip=\skip78
\l_tmpb_skip=\skip79
\g_tmpa_skip=\skip80
\g_tmpb_skip=\skip81
\c_zero_muskip=\muskip11
\c_max_muskip=\muskip12
\l_tmpa_muskip=\muskip13
\l_tmpb_muskip=\muskip14
\g_tmpa_muskip=\muskip15
\g_tmpb_muskip=\muskip16
\l_keys_choice_int=\count155
\l__intarray_loop_int=\count156
\c__intarray_sp_dim=\dimen179
\g__intarray_font_int=\count157
\c__fp_leading_shift_int=\count158
\c__fp_middle_shift_int=\count159
\c__fp_trailing_shift_int=\count160
\c__fp_big_leading_shift_int=\count161
\c__fp_big_middle_shift_int=\count162
\c__fp_big_trailing_shift_int=\count163
\c__fp_Bigg_leading_shift_int=\count164
\c__fp_Bigg_middle_shift_int=\count165
\c__fp_Bigg_trailing_shift_int=\count166
\c__kernel_randint_max_int=\count167
\g__fp_array_int=\count168
\l__fp_array_loop_int=\count169
\l__sort_length_int=\count170
\l__sort_min_int=\count171
\l__sort_top_int=\count172
\l__sort_max_int=\count173
\l__sort_true_max_int=\count174
\l__sort_block_int=\count175
\l__sort_begin_int=\count176
\l__sort_end_int=\count177
\l__sort_A_int=\count178
\l__sort_B_int=\count179
\l__sort_C_int=\count180
\l__tl_analysis_normal_int=\count181
\l__tl_analysis_index_int=\count182
\l__tl_analysis_nesting_int=\count183
\l__tl_analysis_type_int=\count184
\l__regex_internal_a_int=\count185
\l__regex_internal_b_int=\count186
\l__regex_internal_c_int=\count187
\l__regex_balance_int=\count188
\l__regex_group_level_int=\count189
\l__regex_mode_int=\count190
\c__regex_cs_in_class_mode_int=\count191
\c__regex_cs_mode_int=\count192
\l__regex_catcodes_int=\count193
\l__regex_default_catcodes_int=\count194
\c__regex_catcode_D_int=\count195
\c__regex_catcode_S_int=\count196
\c__regex_catcode_L_int=\count197
\c__regex_catcode_O_int=\count198
\c__regex_catcode_A_int=\count199
\c__regex_all_catcodes_int=\count266
\l__regex_show_lines_int=\count267
\l__regex_min_state_int=\count268
\l__regex_max_state_int=\count269
\l__regex_left_state_int=\count270
\l__regex_right_state_int=\count271
\l__regex_capturing_group_int=\count272
\l__regex_min_pos_int=\count273
\l__regex_max_pos_int=\count274
\l__regex_curr_pos_int=\count275
\l__regex_start_pos_int=\count276
\l__regex_success_pos_int=\count277
\l__regex_curr_char_int=\count278
\l__regex_curr_catcode_int=\count279
\l__regex_last_char_int=\count280
\l__regex_case_changed_char_int=\count281
\l__regex_curr_state_int=\count282
\l__regex_step_int=\count283
\l__regex_min_active_int=\count284
\l__regex_max_active_int=\count285
\l__regex_replacement_csnames_int=\count286
\l__regex_match_count_int=\count287
\l__regex_min_submatch_int=\count288
\l__regex_submatch_int=\count289
\l__regex_zeroth_submatch_int=\count290
\g__regex_trace_regex_int=\count291
\c_empty_box=\box65
\l_tmpa_box=\box66
\l_tmpb_box=\box67
\g_tmpa_box=\box68
\g_tmpb_box=\box69
\l__box_top_dim=\dimen180
\l__box_bottom_dim=\dimen181
\l__box_left_dim=\dimen182
\l__box_right_dim=\dimen183
\l__box_top_new_dim=\dimen184
\l__box_bottom_new_dim=\dimen185
\l__box_left_new_dim=\dimen186
\l__box_right_new_dim=\dimen187
\l__box_internal_box=\box70
\l__coffin_internal_box=\box71
\l__coffin_internal_dim=\dimen188
\l__coffin_offset_x_dim=\dimen189
\l__coffin_offset_y_dim=\dimen190
\l__coffin_x_dim=\dimen191
\l__coffin_y_dim=\dimen192
\l__coffin_x_prime_dim=\dimen193
\l__coffin_y_prime_dim=\dimen194
\c_empty_coffin=\box72
\l__coffin_aligned_coffin=\box73
\l__coffin_aligned_internal_coffin=\box74
\l_tmpa_coffin=\box75
\l_tmpb_coffin=\box76
\l__coffin_display_coffin=\box77
\l__coffin_display_coord_coffin=\box78
\l__coffin_display_pole_coffin=\box79
\l__coffin_display_offset_dim=\dimen195
\l__coffin_display_x_dim=\dimen196
\l__coffin_display_y_dim=\dimen197
\g__file_internal_ior=\read1
\l__coffin_bounding_shift_dim=\dimen198
\l__coffin_left_corner_dim=\dimen199
\l__coffin_right_corner_dim=\dimen256
\l__coffin_bottom_corner_dim=\dimen257
\l__coffin_top_corner_dim=\dimen258
\l__coffin_scaled_total_height_dim=\dimen259
\l__coffin_scaled_width_dim=\dimen260
\l__seq_internal_a_int=\count292
\l__seq_internal_b_int=\count293
)
(/usr/local/texlive/2018/texmf-dist/tex/latex/l3kernel/l3pdfmode.def
File: l3pdfmode.def 2018-10-17 v L3 Experimental driver: PDF mode
\l__driver_color_stack_int=\count294
))
Package: xparse 2018-10-17 L3 Experimental document command parser
\l__xparse_current_arg_int=\count295
\g__xparse_grabber_int=\count296
\l__xparse_m_args_int=\count297
\l__xparse_mandatory_args_int=\count298
\l__xparse_v_nesting_int=\count299
)
(/usr/local/texlive/2018/texmf-dist/tex/latex/oberdiek/zref-abspage.sty
Package: zref-abspage 2016/05/21 v2.26 Module abspage for zref (HO)

(/usr/local/texlive/2018/texmf-dist/tex/latex/oberdiek/zref-base.sty
Package: zref-base 2016/05/21 v2.26 Module base for zref (HO)

(/usr/local/texlive/2018/texmf-dist/tex/generic/oberdiek/kvdefinekeys.sty
Package: kvdefinekeys 2016/05/16 v1.4 Define keys (HO)
)
(/usr/local/texlive/2018/texmf-dist/tex/generic/oberdiek/pdftexcmds.sty
Package: pdftexcmds 2018/09/10 v0.29 Utility functions of pdfTeX for LuaTeX (HO
)
Package pdftexcmds Info: LuaTeX not detected.
Package pdftexcmds Info: \pdf@primitive is available.
Package pdftexcmds Info: \pdf@ifprimitive is available.
Package pdftexcmds Info: \pdfdraftmode found.
)
(/usr/local/texlive/2018/texmf-dist/tex/latex/oberdiek/auxhook.sty
Package: auxhook 2016/05/16 v1.4 Hooks for auxiliary files (HO)
)
Package zref Info: New property list: main on input line 759.
Package zref Info: New property: default on input line 760.
Package zref Info: New property: page on input line 761.
)
(/usr/local/texlive/2018/texmf-dist/tex/generic/oberdiek/atbegshi.sty
Package: atbegshi 2016/06/09 v1.18 At begin shipout hook (HO)
)
\c@abspage=\count300
Package zref Info: New property: abspage on input line 62.
)
(/usr/local/texlive/2018/texmf-dist/tex/latex/needspace/needspace.sty
Package: needspace 2010/09/12 v1.3d reserve vertical space
)
\mdf@templength=\skip82
\c@mdf@globalstyle@cnt=\count301
\mdf@skipabove@length=\skip83
\mdf@skipbelow@length=\skip84
\mdf@leftmargin@length=\skip85
\mdf@rightmargin@length=\skip86
\mdf@innerleftmargin@length=\skip87
\mdf@innerrightmargin@length=\skip88
\mdf@innertopmargin@length=\skip89
\mdf@innerbottommargin@length=\skip90
\mdf@splittopskip@length=\skip91
\mdf@splitbottomskip@length=\skip92
\mdf@outermargin@length=\skip93
\mdf@innermargin@length=\skip94
\mdf@linewidth@length=\skip95
\mdf@innerlinewidth@length=\skip96
\mdf@middlelinewidth@length=\skip97
\mdf@outerlinewidth@length=\skip98
\mdf@roundcorner@length=\skip99
\mdf@footenotedistance@length=\skip100
\mdf@userdefinedwidth@length=\skip101
\mdf@needspace@length=\skip102
\mdf@frametitleaboveskip@length=\skip103
\mdf@frametitlebelowskip@length=\skip104
\mdf@frametitlerulewidth@length=\skip105
\mdf@frametitleleftmargin@length=\skip106
\mdf@frametitlerightmargin@length=\skip107
\mdf@shadowsize@length=\skip108
\mdf@extratopheight@length=\skip109
\mdf@subtitleabovelinewidth@length=\skip110
\mdf@subtitlebelowlinewidth@length=\skip111
\mdf@subtitleaboveskip@length=\skip112
\mdf@subtitlebelowskip@length=\skip113
\mdf@subtitleinneraboveskip@length=\skip114
\mdf@subtitleinnerbelowskip@length=\skip115
\mdf@subsubtitleabovelinewidth@length=\skip116
\mdf@subsubtitlebelowlinewidth@length=\skip117
\mdf@subsubtitleaboveskip@length=\skip118
\mdf@subsubtitlebelowskip@length=\skip119
\mdf@subsubtitleinneraboveskip@length=\skip120
\mdf@subsubtitleinnerbelowskip@length=\skip121

(/usr/local/texlive/2018/texmf-dist/tex/latex/mdframed/md-frame-0.mdf
File: md-frame-0.mdf 2013/07/01\ 1.9b: md-frame-0
)
\mdf@frametitlebox=\box80
\mdf@footnotebox=\box81
\mdf@splitbox@one=\box82
\mdf@splitbox@two=\box83
\mdf@splitbox@save=\box84
\mdfsplitboxwidth=\skip122
\mdfsplitboxtotalwidth=\skip123
\mdfsplitboxheight=\skip124
\mdfsplitboxdepth=\skip125
\mdfsplitboxtotalheight=\skip126
\mdfframetitleboxwidth=\skip127
\mdfframetitleboxtotalwidth=\skip128
\mdfframetitleboxheight=\skip129
\mdfframetitleboxdepth=\skip130
\mdfframetitleboxtotalheight=\skip131
\mdffootnoteboxwidth=\skip132
\mdffootnoteboxtotalwidth=\skip133
\mdffootnoteboxheight=\skip134
\mdffootnoteboxdepth=\skip135
\mdffootnoteboxtotalheight=\skip136
\mdftotallinewidth=\skip137
\mdfboundingboxwidth=\skip138
\mdfboundingboxtotalwidth=\skip139
\mdfboundingboxheight=\skip140
\mdfboundingboxdepth=\skip141
\mdfboundingboxtotalheight=\skip142
\mdf@freevspace@length=\skip143
\mdf@horizontalwidthofbox@length=\skip144
\mdf@verticalmarginwhole@length=\skip145
\mdf@horizontalspaceofbox=\skip146
\mdfsubtitleheight=\skip147
\mdfsubsubtitleheight=\skip148
\c@mdfcountframes=\count302

****** mdframed patching \endmdf@trivlist

****** -- success******

\mdf@envdepth=\count303
\c@mdf@env@i=\count304
\c@mdf@env@ii=\count305
\c@mdf@zref@counter=\count306
Package zref Info: New property: mdf@pagevalue on input line 895.
)
(/usr/local/texlive/2018/texmf-dist/tex/latex/sectsty/sectsty.sty
Package: sectsty 2002/02/25 v2.0.2 Commands to change all sectional heading sty
les
)
(/usr/local/texlive/2018/texmf-dist/tex/latex/titlesec/titlesec.sty
Package: titlesec 2016/03/21 v2.10.2 Sectioning titles
\ttl@box=\box85
\beforetitleunit=\skip149
\aftertitleunit=\skip150
\ttl@plus=\dimen261
\ttl@minus=\dimen262
\ttl@toksa=\toks34
\titlewidth=\dimen263
\titlewidthlast=\dimen264
\titlewidthfirst=\dimen265
)
(/usr/local/texlive/2018/texmf-dist/tex/latex/biblatex-chicago/biblatex-chicago
.sty
Package: biblatex-chicago 2018/01/10 v 3.10 biblatex style
 (/usr/local/texlive/2018/texmf-dist/tex/latex/biblatex/biblatex.sty
Package: biblatex 2018/03/04 v3.11 programmable bibliographies (PK/MW)

(/usr/local/texlive/2018/texmf-dist/tex/latex/logreq/logreq.sty
Package: logreq 2010/08/04 v1.0 xml request logger
\lrq@indent=\count307

(/usr/local/texlive/2018/texmf-dist/tex/latex/logreq/logreq.def
File: logreq.def 2010/08/04 v1.0 logreq spec v1.0
))
(/usr/local/texlive/2018/texmf-dist/tex/latex/url/url.sty
\Urlmuskip=\muskip17
Package: url 2013/09/16  ver 3.4  Verb mode for urls, etc.
)
(/usr/local/texlive/2018/texmf-dist/tex/generic/xstring/xstring.sty
(/usr/local/texlive/2018/texmf-dist/tex/generic/xstring/xstring.tex
\@xs@message=\write3
\integerpart=\count308
\decimalpart=\count309
)
Package: xstring 2013/10/13  v1.7c  String manipulations (C Tellechea)
)
\c@tabx@nest=\count310
\c@listtotal=\count311
\c@listcount=\count312
\c@liststart=\count313
\c@liststop=\count314
\c@citecount=\count315
\c@citetotal=\count316
\c@multicitecount=\count317
\c@multicitetotal=\count318
\c@instcount=\count319
\c@maxnames=\count320
\c@minnames=\count321
\c@maxitems=\count322
\c@minitems=\count323
\c@citecounter=\count324
\c@savedcitecounter=\count325
\c@uniquelist=\count326
\c@uniquename=\count327
\c@refsection=\count328
\c@refsegment=\count329
\c@maxextratitle=\count330
\c@maxextratitleyear=\count331
\c@maxextradate=\count332
\c@maxextraalpha=\count333
\c@abbrvpenalty=\count334
\c@highnamepenalty=\count335
\c@lownamepenalty=\count336
\c@maxparens=\count337
\c@parenlevel=\count338
\blx@tempcnta=\count339
\blx@tempcntb=\count340
\blx@tempcntc=\count341
\blx@maxsection=\count342
\blx@maxsegment@0=\count343
\blx@notetype=\count344
\blx@parenlevel@text=\count345
\blx@parenlevel@foot=\count346
\blx@sectionciteorder@0=\count347
\labelnumberwidth=\skip151
\labelalphawidth=\skip152
\biblabelsep=\skip153
\bibitemsep=\skip154
\bibnamesep=\skip155
\bibinitsep=\skip156
\bibparsep=\skip157
\bibhang=\skip158
\blx@bcfin=\read2
\blx@bcfout=\write4
\c@mincomprange=\count348
\c@maxcomprange=\count349
\c@mincompwidth=\count350
Package biblatex Info: Trying to load biblatex default data model...
Package biblatex Info: ... file 'blx-dm.def' found.

(/usr/local/texlive/2018/texmf-dist/tex/latex/biblatex/blx-dm.def
File: blx-dm.def 2018/03/04 v3.11 biblatex localization (PK/MW)
)
Package biblatex Info: Trying to load biblatex style data model...
Package biblatex Info: ... file 'chicago-authordate.dbx' not found.
Package biblatex Info: Trying to load biblatex custom data model...
Package biblatex Info: ... file 'biblatex-dm.cfg' not found.
\c@afterword=\count351
\c@savedafterword=\count352
\c@annotator=\count353
\c@savedannotator=\count354
\c@author=\count355
\c@savedauthor=\count356
\c@bookauthor=\count357
\c@savedbookauthor=\count358
\c@commentator=\count359
\c@savedcommentator=\count360
\c@editor=\count361
\c@savededitor=\count362
\c@editora=\count363
\c@savededitora=\count364
\c@editorb=\count365
\c@savededitorb=\count366
\c@editorc=\count367
\c@savededitorc=\count368
\c@foreword=\count369
\c@savedforeword=\count370
\c@holder=\count371
\c@savedholder=\count372
\c@introduction=\count373
\c@savedintroduction=\count374
\c@namea=\count375
\c@savednamea=\count376
\c@nameb=\count377
\c@savednameb=\count378
\c@namec=\count379
\c@savednamec=\count380
\c@translator=\count381
\c@savedtranslator=\count382
\c@shortauthor=\count383
\c@savedshortauthor=\count384
\c@shorteditor=\count385
\c@savedshorteditor=\count386
\c@labelname=\count387
\c@savedlabelname=\count388
\c@institution=\count389
\c@savedinstitution=\count390
\c@lista=\count391
\c@savedlista=\count392
\c@listb=\count393
\c@savedlistb=\count394
\c@listc=\count395
\c@savedlistc=\count396
\c@listd=\count397
\c@savedlistd=\count398
\c@liste=\count399
\c@savedliste=\count400
\c@listf=\count401
\c@savedlistf=\count402
\c@location=\count403
\c@savedlocation=\count404
\c@organization=\count405
\c@savedorganization=\count406
\c@origlocation=\count407
\c@savedoriglocation=\count408
\c@origpublisher=\count409
\c@savedorigpublisher=\count410
\c@publisher=\count411
\c@savedpublisher=\count412
\c@language=\count413
\c@savedlanguage=\count414
\c@origlanguage=\count415
\c@savedoriglanguage=\count416
\c@pageref=\count417
\c@savedpageref=\count418
\shorthandwidth=\skip159
\shortjournalwidth=\skip160
\shortserieswidth=\skip161
\shorttitlewidth=\skip162
\shortauthorwidth=\skip163
\shorteditorwidth=\skip164
\locallabelnumberwidth=\skip165
\locallabelalphawidth=\skip166
\localshorthandwidth=\skip167
\localshortjournalwidth=\skip168
\localshortserieswidth=\skip169
\localshorttitlewidth=\skip170
\localshortauthorwidth=\skip171
\localshorteditorwidth=\skip172
Package biblatex Info: Trying to load compatibility code...
Package biblatex Info: ... file 'blx-compat.def' found.

(/usr/local/texlive/2018/texmf-dist/tex/latex/biblatex/blx-compat.def
File: blx-compat.def 2018/03/04 v3.11 biblatex compatibility (PK/MW)
)
Package biblatex Info: Trying to load generic definitions...
Package biblatex Info: ... file 'biblatex.def' found.

(/usr/local/texlive/2018/texmf-dist/tex/latex/biblatex/biblatex.def
File: biblatex.def 2018/03/04 v3.11 biblatex compatibility (PK/MW)
\c@textcitecount=\count419
\c@textcitetotal=\count420
\c@textcitemaxnames=\count421
\c@biburlnumpenalty=\count422
\c@biburlucpenalty=\count423
\c@biburllcpenalty=\count424
\c@smartand=\count425
)
Package biblatex Info: Trying to load bibliography style 'chicago-authordate'..
.
Package biblatex Info: ... file 'chicago-authordate.bbx' found.

(/usr/local/texlive/2018/texmf-dist/tex/latex/biblatex-chicago/chicago-authorda
te.bbx
File: chicago-authordate.bbx 2018/01/11 v 3.10 biblatex bibliography style
\lositemsep=\skip173
\c@bbx:relatedcount=\count426
\c@bbx:relatedtotal=\count427
)
Package biblatex Info: Trying to load citation style 'chicago-authordate'...
Package biblatex Info: ... file 'chicago-authordate.cbx' found.

(/usr/local/texlive/2018/texmf-dist/tex/latex/biblatex-chicago/chicago-authorda
te.cbx
File: chicago-authordate.cbx 2018/01/11 v 3.10 biblatex citation style
Package biblatex Info: Trying to load citation style 'chicago-dates-common'...
Package biblatex Info: ... file 'chicago-dates-common.cbx' found.

(/usr/local/texlive/2018/texmf-dist/tex/latex/biblatex-chicago/chicago-dates-co
mmon.cbx
File: chicago-dates-common.cbx 2018/01/11 v 3.10 biblatex citation style
Package biblatex Info: Redefining '\cite'.
Package biblatex Info: Redefining '\parencite'.
Package biblatex Info: Redefining '\footcite'.
Package biblatex Info: Redefining '\footcitetext'.
Package biblatex Info: Redefining '\footfullcite'.
Package biblatex Info: Redefining '\fullcite'.
Package biblatex Info: Redefining '\textcite'.
Package biblatex Info: Redefining '\textcites'.
Package biblatex Info: Redefining '\cites'.
Package biblatex Info: Redefining '\parencites'.
Package biblatex Info: Redefining '\footcites'.
Package biblatex Info: Redefining '\footcitetexts'.
Package biblatex Info: Patching 'autolang=other' option.
))
Package biblatex Info: Trying to load configuration file...
Package biblatex Info: ... file 'biblatex.cfg' found.
 (/usr/local/texlive/2018/texmf-dist/tex/latex/biblatex/biblatex.cfg
File: biblatex.cfg 
))) (/usr/local/texlive/2018/texmf-dist/tex/latex/hyperref/hyperref.sty
Package: hyperref 2018/09/30 v6.88a Hypertext links for LaTeX

(/usr/local/texlive/2018/texmf-dist/tex/generic/oberdiek/hobsub-hyperref.sty
Package: hobsub-hyperref 2016/05/16 v1.14 Bundle oberdiek, subset hyperref (HO)


(/usr/local/texlive/2018/texmf-dist/tex/generic/oberdiek/hobsub-generic.sty
Package: hobsub-generic 2016/05/16 v1.14 Bundle oberdiek, subset generic (HO)
Package: hobsub 2016/05/16 v1.14 Construct package bundles (HO)
Package hobsub Info: Skipping package `infwarerr' (already loaded).
Package hobsub Info: Skipping package `ltxcmds' (already loaded).
Package hobsub Info: Skipping package `ifluatex' (already loaded).
Package hobsub Info: Skipping package `ifvtex' (already loaded).
Package: intcalc 2016/05/16 v1.2 Expandable calculations with integers (HO)
Package hobsub Info: Skipping package `ifpdf' (already loaded).
Package hobsub Info: Skipping package `etexcmds' (already loaded).
Package hobsub Info: Skipping package `kvsetkeys' (already loaded).
Package hobsub Info: Skipping package `kvdefinekeys' (already loaded).
Package hobsub Info: Skipping package `pdftexcmds' (already loaded).
Package: pdfescape 2016/05/16 v1.14 Implements pdfTeX's escape features (HO)
Package: bigintcalc 2016/05/16 v1.4 Expandable calculations on big integers (HO
)
Package: bitset 2016/05/16 v1.2 Handle bit-vector datatype (HO)
Package: uniquecounter 2016/05/16 v1.3 Provide unlimited unique counter (HO)
)
Package hobsub Info: Skipping package `hobsub' (already loaded).
Package: letltxmacro 2016/05/16 v1.5 Let assignment for LaTeX macros (HO)
Package: hopatch 2016/05/16 v1.3 Wrapper for package hooks (HO)
Package: xcolor-patch 2016/05/16 xcolor patch
Package: atveryend 2016/05/16 v1.9 Hooks at the very end of document (HO)
Package hobsub Info: Skipping package `atbegshi' (already loaded).
Package: refcount 2016/05/16 v3.5 Data extraction from label references (HO)
Package: hycolor 2016/05/16 v1.8 Color options for hyperref/bookmark (HO)
)
\@linkdim=\dimen266
\Hy@linkcounter=\count428
\Hy@pagecounter=\count429

(/usr/local/texlive/2018/texmf-dist/tex/latex/hyperref/pd1enc.def
File: pd1enc.def 2018/09/30 v6.88a Hyperref: PDFDocEncoding definition (HO)
Now handling font encoding PD1 ...
... no UTF-8 mapping file for font encoding PD1
)
\Hy@SavedSpaceFactor=\count430

(/usr/local/texlive/2018/texmf-dist/tex/latex/latexconfig/hyperref.cfg
File: hyperref.cfg 2002/06/06 v1.2 hyperref configuration of TeXLive
)
Package hyperref Info: Hyper figures OFF on input line 4535.
Package hyperref Info: Link nesting OFF on input line 4540.
Package hyperref Info: Hyper index ON on input line 4543.
Package hyperref Info: Plain pages OFF on input line 4550.
Package hyperref Info: Backreferencing OFF on input line 4555.
Package hyperref Info: Implicit mode ON; LaTeX internals redefined.
Package hyperref Info: Bookmarks ON on input line 4788.
\c@Hy@tempcnt=\count431
LaTeX Info: Redefining \url on input line 5141.
\XeTeXLinkMargin=\dimen267
\Fld@menulength=\count432
\Field@Width=\dimen268
\Fld@charsize=\dimen269
Package hyperref Info: Hyper figures OFF on input line 6396.
Package hyperref Info: Link nesting OFF on input line 6401.
Package hyperref Info: Hyper index ON on input line 6404.
Package hyperref Info: backreferencing OFF on input line 6411.
Package hyperref Info: Link coloring OFF on input line 6416.
Package hyperref Info: Link coloring with OCG OFF on input line 6421.
Package hyperref Info: PDF/A mode OFF on input line 6426.
LaTeX Info: Redefining \ref on input line 6466.
LaTeX Info: Redefining \pageref on input line 6470.
\Hy@abspage=\count433
\c@Item=\count434
\c@Hfootnote=\count435
)
Package hyperref Info: Driver (autodetected): hpdftex.

(/usr/local/texlive/2018/texmf-dist/tex/latex/hyperref/hpdftex.def
File: hpdftex.def 2018/09/30 v6.88a Hyperref driver for pdfTeX
\HyAnn@Count=\count436
\Fld@listcount=\count437
\c@bookmark@seq@number=\count438

(/usr/local/texlive/2018/texmf-dist/tex/latex/oberdiek/rerunfilecheck.sty
Package: rerunfilecheck 2016/05/16 v1.8 Rerun checks for auxiliary files (HO)
Package uniquecounter Info: New unique counter `rerunfilecheck' on input line 2
82.
)
\Hy@SectionHShift=\skip174
)
Package hyperref Info: Option `colorlinks' set `true' on input line 99.

(/usr/local/texlive/2018/texmf-dist/tex/latex/blindtext/blindtext.sty
Package: blindtext 2012/01/06 V2.0 blindtext-Package

(/usr/local/texlive/2018/texmf-dist/tex/latex/tools/xspace.sty
Package: xspace 2014/10/28 v1.13 Space after command names (DPC,MH)
)
\c@blindtext=\count439
\c@Blindtext=\count440
\c@blind@countparstart=\count441
\blind@countxx=\count442
\blindtext@numBlindtext=\count443
\blind@countyy=\count444
\c@blindlist=\count445
\c@blindlistlevel=\count446
\c@blindlist@level=\count447
\blind@listitem=\count448
\c@blind@listcount=\count449
\c@blind@levelcount=\count450
\blind@mathformula=\count451
\blind@Mathformula=\count452
\c@blind@randomcount=\count453
\c@blind@randommax=\count454
\c@blind@pangramcount=\count455
\c@blind@pangrammax=\count456
)
Package biblatex Info: Trying to load language 'english' -> 'cms-american'...
Package biblatex Info: ... file 'cms-american.lbx' found.

(/usr/local/texlive/2018/texmf-dist/tex/latex/biblatex-chicago/cms-american.lbx
File: cms-american.lbx 2018/01/09 v 3.10 biblatex localization
Package biblatex Info: Trying to load language 'american'...
Package biblatex Info: ... file 'american.lbx' found.
(/usr/local/texlive/2018/texmf-dist/tex/latex/biblatex/lbx/american.lbx
File: american.lbx 2018/03/04 v3.11 biblatex localization (PK/MW)
Package biblatex Info: Trying to load language 'english'...
Package biblatex Info: ... file 'english.lbx' found.

(/usr/local/texlive/2018/texmf-dist/tex/latex/biblatex/lbx/english.lbx
File: english.lbx 2018/03/04 v3.11 biblatex localization (PK/MW)
))
Package biblatex Info: Trying to load language 'english'...
Package biblatex Info: ... file 'english.lbx' found.

(/usr/local/texlive/2018/texmf-dist/tex/latex/biblatex/lbx/english.lbx
File: english.lbx 2018/03/04 v3.11 biblatex localization (PK/MW)
))

Package biblatex Warning: 'babel/polyglossia' detected but 'csquotes' missing.
(biblatex)                Loading 'csquotes' recommended.

\@quotelevel=\count457
\@quotereset=\count458
(./SVAC report.aux)
\openout1 = `"SVAC report.aux"'.

LaTeX Font Info:    Checking defaults for OML/cmm/m/it on input line 106.
LaTeX Font Info:    ... okay on input line 106.
LaTeX Font Info:    Checking defaults for T1/cmr/m/n on input line 106.
LaTeX Font Info:    ... okay on input line 106.
LaTeX Font Info:    Checking defaults for OT1/cmr/m/n on input line 106.
LaTeX Font Info:    ... okay on input line 106.
LaTeX Font Info:    Checking defaults for OMS/cmsy/m/n on input line 106.
LaTeX Font Info:    ... okay on input line 106.
LaTeX Font Info:    Checking defaults for OMX/cmex/m/n on input line 106.
LaTeX Font Info:    ... okay on input line 106.
LaTeX Font Info:    Checking defaults for U/cmr/m/n on input line 106.
LaTeX Font Info:    ... okay on input line 106.
LaTeX Font Info:    Checking defaults for PD1/pdf/m/n on input line 106.
LaTeX Font Info:    ... okay on input line 106.

*geometry* driver: auto-detecting
*geometry* detected driver: pdftex
*geometry* verbose mode - [ preamble ] result:
* driver: pdftex
* paper: a4paper
* layout: <same size as paper>
* layoutoffset:(h,v)=(0.0pt,0.0pt)
* modes: includefoot twoside 
* h-part:(L,W,R)=(72.26997pt, 452.96793pt, 72.26997pt)
* v-part:(T,H,B)=(72.26997pt, 700.5069pt, 72.26997pt)
* \paperwidth=597.50787pt
* \paperheight=845.04684pt
* \textwidth=452.96793pt
* \textheight=670.5069pt
* \oddsidemargin=-0.00002pt
* \evensidemargin=-0.00002pt
* \topmargin=-37.00002pt
* \headheight=12.0pt
* \headsep=25.0pt
* \topskip=12.0pt
* \footskip=30.0pt
* \marginparwidth=85.0pt
* \marginparsep=10.0pt
* \columnsep=10.0pt
* \skip\footins=10.8pt plus 4.0pt minus 2.0pt
* \hoffset=0.0pt
* \voffset=0.0pt
* \mag=1000
* \@twocolumnfalse
* \@twosidetrue
* \@mparswitchtrue
* \@reversemarginfalse
* (1in=72.27pt=25.4mm, 1cm=28.453pt)

(/usr/local/texlive/2018/texmf-dist/tex/context/base/mkii/supp-pdf.mkii
[Loading MPS to PDF converter (version 2006.09.02).]
\scratchcounter=\count459
\scratchdimen=\dimen270
\scratchbox=\box86
\nofMPsegments=\count460
\nofMParguments=\count461
\everyMPshowfont=\toks35
\MPscratchCnt=\count462
\MPscratchDim=\dimen271
\MPnumerator=\count463
\makeMPintoPDFobject=\count464
\everyMPtoPDFconversion=\toks36
) (/usr/local/texlive/2018/texmf-dist/tex/latex/oberdiek/epstopdf-base.sty
Package: epstopdf-base 2016/05/15 v2.6 Base part for package epstopdf

(/usr/local/texlive/2018/texmf-dist/tex/latex/oberdiek/grfext.sty
Package: grfext 2016/05/16 v1.2 Manage graphics extensions (HO)
)
Package epstopdf-base Info: Redefining graphics rule for `.eps' on input line 4
38.
Package grfext Info: Graphics extension search list:
(grfext)             [.pdf,.png,.jpg,.mps,.jpeg,.jbig2,.jb2,.PDF,.PNG,.JPG,.JPE
G,.JBIG2,.JB2,.eps]
(grfext)             \AppendGraphicsExtensions on input line 456.

(/usr/local/texlive/2018/texmf-dist/tex/latex/latexconfig/epstopdf-sys.cfg
File: epstopdf-sys.cfg 2010/07/13 v1.3 Configuration of (r)epstopdf for TeX Liv
e
))
Package caption Info: Begin \AtBeginDocument code.
Package caption Info: subfig package v1.3 is loaded.
Package caption Info: hyperref package is loaded.
Package caption Info: longtable package is loaded.

(/usr/local/texlive/2018/texmf-dist/tex/latex/caption/ltcaption.sty
Package: ltcaption 2018/08/26 v1.4-95 longtable captions (AR)
)
Package caption Info: rotating package is loaded.
Package caption Info: End \AtBeginDocument code.
\AtBeginShipoutBox=\box87
Package biblatex Info: Input encoding 'utf8' detected.
Package biblatex Info: Automatic encoding selection.
(biblatex)             Assuming data encoding 'utf8'.
\openout4 = `"SVAC report.bcf"'.

Package biblatex Info: Trying to load bibliographic data...
Package biblatex Info: ... file '"SVAC report".bbl' found.

(./SVAC report.bbl

Package biblatex Warning: The following entry could not be found
(biblatex)                in the database:
(biblatex)                ratanpaper
(biblatex)                Please verify the spelling and rerun
(biblatex)                LaTeX afterwards.

)
Package biblatex Info: Reference section=0 on input line 106.
Package biblatex Info: Reference segment=0 on input line 106.
Package hyperref Info: Link coloring ON on input line 106.
 (/usr/local/texlive/2018/texmf-dist/tex/latex/hyperref/nameref.sty
Package: nameref 2016/05/21 v2.44 Cross-referencing by name of section

(/usr/local/texlive/2018/texmf-dist/tex/generic/oberdiek/gettitlestring.sty
Package: gettitlestring 2016/05/16 v1.5 Cleanup title references (HO)
)
\c@section@level=\count465
)
LaTeX Info: Redefining \ref on input line 106.
LaTeX Info: Redefining \pageref on input line 106.
LaTeX Info: Redefining \nameref on input line 106.

(./SVAC report.out) (./SVAC report.out)
\@outlinefile=\write5
\openout5 = `"SVAC report.out"'.

<CCSlogo.jpg, id=135, 415.5525pt x 195.73125pt>
File: CCSlogo.jpg Graphic file (type jpg)
<use CCSlogo.jpg>
Package pdftex.def Info: CCSlogo.jpg  used on input line 122.
(pdftex.def)             Requested size: 170.71652pt x 80.40862pt.
 [1

{/usr/local/texlive/2018/texmf-var/fonts/map/pdftex/updmap/pdftex.map} <./CCSlo
go.jpg>]
LaTeX Font Info:    Try loading font information for OMS+cmr on input line 149.


(/usr/local/texlive/2018/texmf-dist/tex/latex/base/omscmr.fd
File: omscmr.fd 2014/09/29 v2.5h Standard LaTeX font definitions
)
LaTeX Font Info:    Font shape `OMS/cmr/m/n' in size <12> not available
(Font)              Font shape `OMS/cmsy/m/n' tried instead on input line 149.
 [2]
(./SVAC report.toc [3])
\tf@toc=\write6
\openout6 = `"SVAC report.toc"'.

 [4]
\enitdp@abbrv=\count466
 [5]
Underfull \vbox (badness 4492) has occurred while \output is active []

 [6]
[7] [8]

Package hyperref Warning: The anchor of a bookmark and its parent's must not
(hyperref)                be the same. Added a new anchor on input line 242.

[9] [10]

Package hyperref Warning: The anchor of a bookmark and its parent's must not
(hyperref)                be the same. Added a new anchor on input line 289.


Underfull \hbox (badness 1052) in paragraph at lines 297--298
\OT1/cmr/m/n/12 transparency in street vendor elections, enumeration of street 
vendors,
 []

[11] [12] [13] [14] [15] [16]

Package biblatex-chicago Warning: Empty Ibidem citation on input line 407.


Underfull \hbox (badness 4726) in paragraph at lines 407--408
[]\OT1/cmr/m/n/12 Local administrators face complaints from different interest 
groups|residents,
 []


LaTeX Warning: Reference `sec: Appendix 1' on page 17 undefined on input line 4
11.

[17]
Underfull \hbox (badness 2359) in paragraph at lines 446--447
[]\OT1/cmr/m/n/12 Four states---Assam, Madhya Pradesh, Punjab and Uttarakhand -
-- have
 []

[18]
Underfull \hbox (badness 2689) in paragraph at lines 477--478
\OT1/cmr/m/n/12 Meghalaya, Mizoram, Odisha, Puducherry, Punjab, Rajasthan, Tela
ngana and
 []

[19]
Underfull \hbox (badness 5681) in paragraph at lines 489--490
[]\OT1/cmr/m/n/12 Nine states|Andhra Pradesh, Chandigarh, Gujarat, Goa, Madhya 
Pradesh,
 []

[20]
Underfull \hbox (badness 4328) in paragraph at lines 512--512
|\OT1/cmr/bx/n/14.4 Thirty-One Percent of Town Vending Committees Have
 []


Underfull \hbox (badness 1609) in paragraph at lines 518--518
|\OT1/cmr/bx/n/14.4 Six States Have Assigned Office Space to Town Vending
 []


Underfull \hbox (badness 10000) in paragraph at lines 529--529
[]|\OT1/cmr/m/n/12 Assigned Office
 []


Underfull \hbox (badness 8038) in paragraph at lines 529--529
[]|\OT1/cmr/m/n/12 Number of TVCs
 []

[21]

LaTeX Warning: Reference `sec: Appendix 2' on page 22 undefined on input line 5
46.

[22] [23] [24] [25]
Overfull \hbox (10.7736pt too wide) in paragraph at lines 857--857
 []|[]|
 []


Overfull \hbox (10.7736pt too wide) in paragraph at lines 858--858
 []|[]|
 []


Overfull \hbox (10.7736pt too wide) in paragraph at lines 859--859
 []|[]|
 []


Overfull \hbox (10.7736pt too wide) in paragraph at lines 861--861
 []|[]|
 []

LaTeX Font Info:    Try loading font information for OML+cmr on input line 862.

(/usr/local/texlive/2018/texmf-dist/tex/latex/base/omlcmr.fd
File: omlcmr.fd 2014/09/29 v2.5h Standard LaTeX font definitions
)
LaTeX Font Info:    Font shape `OML/cmr/m/n' in size <8> not available
(Font)              Font shape `OML/cmm/m/it' tried instead on input line 862.

Overfull \hbox (10.7736pt too wide) in paragraph at lines 862--862
 []|[]|
 []


Overfull \hbox (6.04721pt too wide) in paragraph at lines 863--863
 []|[]|
 []


Overfull \hbox (10.7736pt too wide) in paragraph at lines 865--865
 []|[]|
 []


Overfull \hbox (10.7736pt too wide) in paragraph at lines 867--867
 []|[]|
 []


Overfull \hbox (10.7736pt too wide) in paragraph at lines 869--869
 []|[]|
 []


Overfull \hbox (10.7736pt too wide) in paragraph at lines 871--871
 []|[]|
 []


Overfull \hbox (2.77388pt too wide) in paragraph at lines 889--889
 []|\OT1/cmr/m/n/8 3799|
 []


Overfull \hbox (2.77388pt too wide) in paragraph at lines 906--906
 []|\OT1/cmr/m/n/8 7263|
 []


Overfull \hbox (2.77388pt too wide) in paragraph at lines 906--906
 []|\OT1/cmr/m/n/8 2382|
 []


Overfull \hbox (2.77388pt too wide) in paragraph at lines 906--906
 []|\OT1/cmr/m/n/8 1391|
 []


Overfull \hbox (2.77388pt too wide) in paragraph at lines 906--906
 []|\OT1/cmr/m/n/8 2334|
 []


Overfull \hbox (2.77388pt too wide) in paragraph at lines 906--906
 []|\OT1/cmr/m/n/8 1183|
 []


Underfull \hbox (badness 10000) in paragraph at lines 907--907
\OT1/cmr/m/n/8 that Initiated
 []


Underfull \vbox (badness 10000) has occurred while \output is active []

 [26

]

Package hyperref Warning: The anchor of a bookmark and its parent's must not
(hyperref)                be the same. Added a new anchor on input line 932.


Underfull \vbox (badness 2913) has occurred while \output is active []

 [27

]
[28]
<mandatevsreality.pdf, id=350, 597.50829pt x 845.0471pt>
File: mandatevsreality.pdf Graphic file (type pdf)
<use mandatevsreality.pdf>
Package pdftex.def Info: mandatevsreality.pdf  used on input line 982.
(pdftex.def)             Requested size: 320.27919pt x 452.96793pt.

Overfull \hbox (25.85281pt too wide) in paragraph at lines 982--983
 [][] 
 []


LaTeX Warning: Reference `sec: Appendix 6' on page 29 undefined on input line 9
85.


Underfull \hbox (badness 4518) in paragraph at lines 985--986
\OT1/cmr/m/n/12 headed by the Municipal
 []


Underfull \hbox (badness 10000) in paragraph at lines 985--986
\OT1/cmr/m/n/12 Commissioner, to have
 []


Underfull \hbox (badness 10000) in paragraph at lines 985--986
\OT1/cmr/m/n/12 based
 []


Underfull \hbox (badness 1953) in paragraph at lines 985--986
\OT1/cmr/m/n/12 vendors. Other members
 []


Underfull \hbox (badness 1546) in paragraph at lines 985--986
\OT1/cmr/m/n/12 may include representation
 []


Underfull \hbox (badness 5893) in paragraph at lines 985--986
\OT1/cmr/m/n/12 from the local authority,
 []


Underfull \hbox (badness 10000) in paragraph at lines 985--986
\OT1/cmr/m/n/12 and
 []


Underfull \hbox (badness 10000) in paragraph at lines 987--988
\OT1/cmr/m/n/12 2017, the
 []


Underfull \hbox (badness 1365) in paragraph at lines 987--988
\OT1/cmr/m/n/12 four vendor representatives
 []


Underfull \hbox (badness 1248) in paragraph at lines 987--988
\OT1/cmr/m/n/12 TVC more than fulfils its
 []


Underfull \hbox (badness 1158) in paragraph at lines 987--988
\OT1/cmr/m/n/12 set in the Act on elected
 []


Underfull \vbox (badness 1331) has occurred while \output is active []

 [29 <./mandatevsreality.pdf>]
Underfull \hbox (badness 10000) in paragraph at lines 989--989
|\OT1/cmr/bx/n/14.4 Mandate v/s
 []


LaTeX Warning: Reference `sec: List of TVC members' on page 30 undefined on inp
ut line 992.


Underfull \hbox (badness 1112) in paragraph at lines 998--999
\OT1/cmr/m/n/12 The vendor representatives expressed disagreement with the TVC'
s approach on
 []

[30]
<WhoDecides.pdf, id=407, 636.39331pt x 1539.76831pt>
File: WhoDecides.pdf Graphic file (type pdf)
<use WhoDecides.pdf>
Package pdftex.def Info: WhoDecides.pdf  used on input line 1010.
(pdftex.def)             Requested size: 211.54471pt x 511.85596pt.

Underfull \hbox (badness 4193) in paragraph at lines 1013--1014
[][]\OT1/cmr/m/n/12 Although the Act opens channels
 []


Underfull \hbox (badness 2990) in paragraph at lines 1013--1014
\OT1/cmr/m/n/12 and creates a super structure for
 []


Underfull \hbox (badness 1968) in paragraph at lines 1013--1014
\OT1/cmr/m/n/12 civil society, the devil lies in the
 []


Underfull \hbox (badness 1286) in paragraph at lines 1013--1014
\OT1/cmr/m/n/12 for street vending to recognise the
 []


Underfull \hbox (badness 1735) in paragraph at lines 1013--1014
\OT1/cmr/m/n/12 existing markets where buyers and
 []


Underfull \hbox (badness 2689) in paragraph at lines 1013--1014
\OT1/cmr/m/n/12 planning exercise to be successful,
 []


Underfull \hbox (badness 3919) in paragraph at lines 1013--1014
\OT1/cmr/m/n/12 A thoughtful consideration of the
 []


Underfull \hbox (badness 10000) in paragraph at lines 1015--1015
|\OT1/cmr/bx/n/14.4 Contracting out
 []


Underfull \hbox (badness 10000) in paragraph at lines 1017--1018
\OT1/cmr/m/n/12 The
 []


Underfull \hbox (badness 2435) in paragraph at lines 1017--1018
\OT1/cmr/m/n/12 Spick and Span Services (SSSPL),
 []

[31 <./WhoDecides.pdf

pdfTeX warning: pdflatex (file ./WhoDecides.pdf): PDF inclusion: invalid other 
resource which is no dict (key 'ProcSets', type <array>); ignored.
>]
Underfull \hbox (badness 10000) in paragraph at lines 1035--1036

 []

Package mdframed Info: mdframed works in twoside mode on input line 1037.
[32]
<"ggncart".png, id=459, 1606.0pt x 1204.5pt>
File: "ggncart".png Graphic file (type png)
<use "ggncart".png>
Package pdftex.def Info: "ggncart".png  used on input line 1051.
(pdftex.def)             Requested size: 294.42638pt x 220.8073pt.

Underfull \hbox (badness 10000) in paragraph at lines 1054--1055
[]\OT1/cmr/m/n/12 The scheme for
 []


Underfull \hbox (badness 4429) in paragraph at lines 1054--1055
\OT1/cmr/m/n/12 charges and penalties for
 []


Underfull \hbox (badness 1648) in paragraph at lines 1056--1057
\OT1/cmr/m/n/12 to 1.5 lakh. The fee is
 []


Underfull \vbox (badness 1838) has occurred while \output is active []

 [33 <./ggncart.png>]

LaTeX Warning: Reference `sec: Appendix 9' on page 34 undefined on input line 1
069.

[34] [35] [36] [37] [38]
Overfull \hbox (6.34625pt too wide) in paragraph at lines 1131--1131
[]\OT1/cmr/m/n/8 Judgement|  
 []


Overfull \hbox (3.77272pt too wide) in paragraph at lines 1132--1132
[]|\OT1/cmr/m/n/8 Relevant  
 []


Overfull \hbox (9.30185pt too wide) in paragraph at lines 1136--1137
[]|\OT1/cmr/m/n/8 Significance 
 []


Overfull \hbox (6.34625pt too wide) in paragraph at lines 1145--1145
[]\OT1/cmr/m/n/8 Judgement|  
 []


Overfull \hbox (3.77272pt too wide) in paragraph at lines 1146--1146
[]|\OT1/cmr/m/n/8 Relevant  
 []


Overfull \hbox (9.30185pt too wide) in paragraph at lines 1150--1151
[]|\OT1/cmr/m/n/8 Significance 
 []


Overfull \hbox (13.71059pt too wide) in paragraph at lines 1159--1159
[]\OT1/cmr/m/n/8 MANU/TN/10  
 []


Overfull \hbox (4.10733pt too wide) in paragraph at lines 1159--1159
[]|\OT1/cmr/m/n/8 2/26/2018|  
 []


Overfull \hbox (13.58836pt too wide) in paragraph at lines 1161--1161
[]|\OT1/cmr/m/n/8 MANU/KE/20  
 []


Overfull \hbox (4.10733pt too wide) in paragraph at lines 1161--1161
[]|\OT1/cmr/m/n/8 7/26/2018|  
 []


Overfull \hbox (13.71059pt too wide) in paragraph at lines 1163--1163
[]|\OT1/cmr/m/n/8 MANU/TN/54  
 []


Overfull \hbox (4.10733pt too wide) in paragraph at lines 1163--1163
[]|\OT1/cmr/m/n/8 9/20/2018|  
 []


Overfull \hbox (0.7216pt too wide) in paragraph at lines 1165--1165
[]|\OT1/cmr/m/n/8 Directions|  
 []


Overfull \hbox (13.47447pt too wide) in paragraph at lines 1167--1167
[]|\OT1/cmr/m/n/8 MANU/DE/23  
 []


Overfull \hbox (1.26189pt too wide) in paragraph at lines 1167--1167
\OT1/cmr/m/n/8 6673/2018|  
 []


Overfull \hbox (4.10733pt too wide) in paragraph at lines 1173--1173
[]|\OT1/cmr/m/n/8 3/19/2018|  
 []


Overfull \hbox (13.58836pt too wide) in paragraph at lines 1181--1181
[]|\OT1/cmr/m/n/8 MANU/KE/21  
 []


Overfull \hbox (1.26189pt too wide) in paragraph at lines 1181--1181
\OT1/cmr/m/n/8 3108/2018|  
 []


Overfull \hbox (4.10733pt too wide) in paragraph at lines 1181--1181
[]|\OT1/cmr/m/n/8 8/10/2018|  
 []


Overfull \hbox (5.51195pt too wide) in paragraph at lines 1183--1183
\OT1/cmr/m/n/8 28290/2016|  
 []


Overfull \hbox (5.51195pt too wide) in paragraph at lines 1185--1185
\OT1/cmr/m/n/8 26333/2017|  
 []


Overfull \hbox (8.35739pt too wide) in paragraph at lines 1185--1185
[]|\OT1/cmr/m/n/8 10/12/2017|  
 []


Overfull \hbox (5.51195pt too wide) in paragraph at lines 1193--1193
\OT1/cmr/m/n/8 32001/2017|  
 []


Overfull \hbox (4.10733pt too wide) in paragraph at lines 1193--1193
[]|\OT1/cmr/m/n/8 11/2/2017|  
 []


Overfull \hbox (4.10733pt too wide) in paragraph at lines 1203--1203
[]|\OT1/cmr/m/n/8 1/23/2018|  
 []


Overfull \hbox (4.10733pt too wide) in paragraph at lines 1209--1209
[]|\OT1/cmr/m/n/8 9/20/2017|  
 []


Overfull \hbox (5.51195pt too wide) in paragraph at lines 1213--1213
\OT1/cmr/m/n/8 22515/2014|  
 []


Overfull \hbox (12.18001pt too wide) in paragraph at lines 1215--1215
[]|\OT1/cmr/m/n/8 MANU/SCOR  
 []


Overfull \hbox (4.07155pt too wide) in paragraph at lines 1215--1215
[]\OT1/cmr/m/n/8 /01337/2017|  
 []


Overfull \hbox (4.10733pt too wide) in paragraph at lines 1215--1215
[]|\OT1/cmr/m/n/8 1/11/2017|  
 []


Overfull \hbox (13.71059pt too wide) in paragraph at lines 1217--1217
[]|\OT1/cmr/m/n/8 MANU/TN/55  
 []


Overfull \hbox (1.26189pt too wide) in paragraph at lines 1217--1217
\OT1/cmr/m/n/8 2232/2018 
 []


Overfull \hbox (1.26189pt too wide) in paragraph at lines 1217--1217
\OT1/cmr/m/n/8 2730/2018|  
 []


Overfull \hbox (4.10733pt too wide) in paragraph at lines 1217--1217
[]|\OT1/cmr/m/n/8 9/18/2018|  
 []


Overfull \hbox (0.7216pt too wide) in paragraph at lines 1217--1217
[]|\OT1/cmr/m/n/8 Directions|  
 []


Overfull \hbox (4.10733pt too wide) in paragraph at lines 1219--1219
[]|\OT1/cmr/m/n/8 10/4/2017|  
 []


Overfull \hbox (0.7216pt too wide) in paragraph at lines 1219--1219
[]|\OT1/cmr/m/n/8 Directions|  
 []


Overfull \hbox (13.82448pt too wide) in paragraph at lines 1221--1221
[]|\OT1/cmr/m/n/8 MANU/RH/02  
 []


Overfull \hbox (3.62303pt too wide) in paragraph at lines 1221--1221
\OT1/cmr/m/n/8 8415/2016, 
 []


Overfull \hbox (3.62303pt too wide) in paragraph at lines 1221--1221
\OT1/cmr/m/n/8 1026/2015, 
 []


Overfull \hbox (5.51195pt too wide) in paragraph at lines 1221--1221
\OT1/cmr/m/n/8 4471/2017''|  
 []


Overfull \hbox (6.87735pt too wide) in paragraph at lines 1221--1221
[]|\OT1/cmr/m/n/8 Rajasthan|  
 []


Overfull \hbox (0.7216pt too wide) in paragraph at lines 1221--1221
[]|\OT1/cmr/m/n/8 Directions|  
 []


Overfull \hbox (32.77068pt too wide) in paragraph at lines 1223--1223
[]|\OT1/cmr/m/n/8 WP(C)10547/2017|  
 []


Overfull \hbox (4.10733pt too wide) in paragraph at lines 1223--1223
[]|\OT1/cmr/m/n/8 3/30/2017|  
 []


Overfull \hbox (13.58836pt too wide) in paragraph at lines 1225--1225
[]|\OT1/cmr/m/n/8 MANU/KE/20  
 []


Overfull \hbox (17.89546pt too wide) in paragraph at lines 1225--1225
[]|\OT1/cmr/m/n/8 W.P.(C)18356, 
 []


Overfull \hbox (5.51195pt too wide) in paragraph at lines 1225--1225
\OT1/cmr/m/n/8 23827/2018|  
 []


Overfull \hbox (13.35225pt too wide) in paragraph at lines 1227--1227
[]|\OT1/cmr/m/n/8 MANU/UP/12  
 []


Overfull \hbox (1.26189pt too wide) in paragraph at lines 1227--1227
\OT1/cmr/m/n/8 8602/2018|  
 []


Overfull \hbox (0.7216pt too wide) in paragraph at lines 1227--1227
[]|\OT1/cmr/m/n/8 Directions|  
 []


Overfull \hbox (12.18001pt too wide) in paragraph at lines 1229--1229
[]|\OT1/cmr/m/n/8 MANU/SCOR  
 []


Overfull \hbox (4.07155pt too wide) in paragraph at lines 1229--1229
[]\OT1/cmr/m/n/8 /17149/2018|  
 []


Overfull \hbox (1.26189pt too wide) in paragraph at lines 1229--1229
\OT1/cmr/m/n/8 9857/2018|  
 []


Overfull \hbox (4.10733pt too wide) in paragraph at lines 1229--1229
[]|\OT1/cmr/m/n/8 5/18/2018|  
 []


Overfull \hbox (0.7216pt too wide) in paragraph at lines 1229--1229
[]|\OT1/cmr/m/n/8 Directions|  
 []


Overfull \hbox (5.51195pt too wide) in paragraph at lines 1231--1231
\OT1/cmr/m/n/8 25597/2013|  
 []


Overfull \hbox (4.10733pt too wide) in paragraph at lines 1231--1231
[]|\OT1/cmr/m/n/8 3/24/2017|  
 []


Overfull \hbox (32.77068pt too wide) in paragraph at lines 1233--1233
[]|\OT1/cmr/m/n/8 WP(C)11592/2016|  
 []


Overfull \hbox (4.10733pt too wide) in paragraph at lines 1233--1233
[]|\OT1/cmr/m/n/8 4/25/2017|  
 []


Overfull \hbox (3.08275pt too wide) in paragraph at lines 1233--1233
[]|\OT1/cmr/m/n/8 Directions; 
 []


Overfull \hbox (1.26189pt too wide) in paragraph at lines 1235--1235
\OT1/cmr/m/n/8 1293/2018|  
 []


Overfull \hbox (13.58836pt too wide) in paragraph at lines 1243--1243
[]|\OT1/cmr/m/n/8 MANU/KE/17  
 []


Overfull \hbox (5.51195pt too wide) in paragraph at lines 1243--1243
\OT1/cmr/m/n/8 17792/2018|  
 []


Overfull \hbox (4.10733pt too wide) in paragraph at lines 1243--1243
[]|\OT1/cmr/m/n/8 7/10/2018|  
 []


Overfull \hbox (1.26189pt too wide) in paragraph at lines 1245--1245
\OT1/cmr/m/n/8 4622/2017|  
 []


Overfull \hbox (5.34538pt too wide) in paragraph at lines 1245--1245
[]|\OT1/cmr/m/n/8 Maharash 
 []


Overfull \hbox (0.7216pt too wide) in paragraph at lines 1245--1245
[]|\OT1/cmr/m/n/8 Directions|  
 []


Overfull \hbox (13.58836pt too wide) in paragraph at lines 1249--1249
[]|\OT1/cmr/m/n/8 MANU/KE/17  
 []


Overfull \hbox (5.51195pt too wide) in paragraph at lines 1249--1249
\OT1/cmr/m/n/8 17377/2018|  
 []


Overfull \hbox (4.10733pt too wide) in paragraph at lines 1249--1249
[]|\OT1/cmr/m/n/8 7/17/2018|  
 []


Overfull \hbox (13.47447pt too wide) in paragraph at lines 1251--1251
[]|\OT1/cmr/m/n/8 MANU/DE/20  
 []


Overfull \hbox (1.26189pt too wide) in paragraph at lines 1251--1251
\OT1/cmr/m/n/8 7785/2017|  
 []


Overfull \hbox (4.10733pt too wide) in paragraph at lines 1251--1251
[]|\OT1/cmr/m/n/8 5/29/2018|  
 []


Overfull \hbox (1.26189pt too wide) in paragraph at lines 1253--1253
\OT1/cmr/m/n/8 2291/2017|  
 []


Overfull \hbox (4.10733pt too wide) in paragraph at lines 1253--1253
[]|\OT1/cmr/m/n/8 2/12/2018|  
 []


Overfull \hbox (5.51195pt too wide) in paragraph at lines 1255--1255
\OT1/cmr/m/n/8 11552/2016|  
 []


Overfull \hbox (8.35739pt too wide) in paragraph at lines 1255--1255
[]|\OT1/cmr/m/n/8 10/25/2017|  
 []

[39

] [40] [41] [42] [43] [44] [45] [46

] [47]
Underfull \hbox (badness 10000) in paragraph at lines 1310--1310
|\OT1/cmr/bx/n/17.28 Appendix 3: Questionnaire for SV Act
 []

Package mdframed Info: mdframed works in twoside mode on input line 1314.
[48] [49] [50]
Package mdframed Info: mdframed works in twoside mode on input line 1531.
 [51] [52]
Package mdframed Info: mdframed works in twoside mode on input line 1631.
 [53] [54] [55] [56]
<Appendix6.pdf, id=738, 597.6729pt x 845.19763pt>
File: Appendix6.pdf Graphic file (type pdf)
<use Appendix6.pdf>
Package pdftex.def Info: Appendix6.pdf  used on input line 1815.
(pdftex.def)             Requested size: 368.57744pt x 521.23145pt.
 [57 <./Appendix6.pdf>]
<ListofTVC.pdf, id=745, 1027.84pt x 770.88pt>
File: ListofTVC.pdf Graphic file (type pdf)
<use ListofTVC.pdf>
Package pdftex.def Info: ListofTVC.pdf  used on input line 1825.
(pdftex.def)             Requested size: 505.89pt x 379.41656pt.

Overfull \hbox (52.92207pt too wide) in paragraph at lines 1825--1826
 [][] 
 []

[58 <./ListofTVC.pdf>]
<Receipt1.pdf, id=760, 1027.84pt x 770.88pt>
File: Receipt1.pdf Graphic file (type pdf)
<use Receipt1.pdf>
Package pdftex.def Info: Receipt1.pdf  used on input line 1835.
(pdftex.def)             Requested size: 433.62pt x 325.2142pt.
 [59 <./Receipt1.pdf>]
<Receipt2.pdf, id=775, 1027.84pt x 770.88pt>
File: Receipt2.pdf Graphic file (type pdf)
<use Receipt2.pdf>
Package pdftex.def Info: Receipt2.pdf  used on input line 1845.
(pdftex.def)             Requested size: 529.9787pt x 397.48499pt.

Overfull \hbox (77.01077pt too wide) in paragraph at lines 1845--1846
 [][] 
 []

Package atveryend Info: Empty hook `BeforeClearDocument' on input line 1848.
[60 <./Receipt2.pdf>]
Package atveryend Info: Empty hook `AfterLastShipout' on input line 1848.
 (./SVAC report.aux)
Package atveryend Info: Executing hook `AtVeryEndDocument' on input line 1848.
Package atveryend Info: Executing hook `AtEndAfterFileList' on input line 1848.

Package rerunfilecheck Info: File `"SVAC report".out' has not changed.
(rerunfilecheck)             Checksum: 8EBE3A7526040E3D41BF4561C39B90DA;3811.


LaTeX Warning: There were undefined references.

Package logreq Info: Writing requests to '"SVAC report".run.xml'.
\openout1 = `"SVAC report.run.xml"'.

 )
(\end occurred inside a group at level 2)

### simple group (level 2) entered at line 994 ({)
### simple group (level 1) entered at line 208 ({)
### bottom level 
Here is how much of TeX's memory you used:
 29036 strings out of 492639
 516938 string characters out of 6129301
 1349671 words of memory out of 5000000
 32359 multiletter control sequences out of 15000+600000
 539222 words of font info for 48 fonts, out of 8000000 for 9000
 1141 hyphenation exceptions out of 8191
 48i,16n,71p,1645b,3989s stack positions out of 5000i,500n,10000p,200000b,80000s
</usr/local/texlive/2018/texmf-dist/fonts/type1/public/amsfonts
/cm/cmbx10.pfb></usr/local/texlive/2018/texmf-dist/fonts/type1/public/amsfonts/
cm/cmbx12.pfb></usr/local/texlive/2018/texmf-dist/fonts/type1/public/amsfonts/c
m/cmex10.pfb></usr/local/texlive/2018/texmf-dist/fonts/type1/public/amsfonts/cm
/cmmi12.pfb></usr/local/texlive/2018/texmf-dist/fonts/type1/public/amsfonts/cm/
cmmi8.pfb></usr/local/texlive/2018/texmf-dist/fonts/type1/public/amsfonts/cm/cm
r10.pfb></usr/local/texlive/2018/texmf-dist/fonts/type1/public/amsfonts/cm/cmr1
2.pfb></usr/local/texlive/2018/texmf-dist/fonts/type1/public/amsfonts/cm/cmr17.
pfb></usr/local/texlive/2018/texmf-dist/fonts/type1/public/amsfonts/cm/cmr6.pfb
></usr/local/texlive/2018/texmf-dist/fonts/type1/public/amsfonts/cm/cmr8.pfb></
usr/local/texlive/2018/texmf-dist/fonts/type1/public/amsfonts/cm/cmsy10.pfb></u
sr/local/texlive/2018/texmf-dist/fonts/type1/public/amsfonts/cm/cmti12.pfb></us
r/local/texlive/2018/texmf-dist/fonts/type1/public/amsfonts/cm/cmtt12.pfb>
Output written on "SVAC report.pdf" (60 pages, 12819224 bytes).
PDF statistics:
 891 PDF objects out of 1000 (max. 8388607)
 736 compressed objects within 8 object streams
 252 named destinations out of 1000 (max. 500000)
 345 words of extra memory for PDF output out of 10000 (max. 10000000)

