\BOOKMARK [1][-]{Doc-Start}{List of Abbreviations}{}% 1
\BOOKMARK [1][-]{Doc-Start}{Executive Summary}{}% 2
\BOOKMARK [1][-]{Doc-Start}{Street Vendors in India: An Overview}{}% 3
\BOOKMARK [2][-]{section*.1}{What Rights Do Street Vendors Have?}{Doc-Start}% 4
\BOOKMARK [2][-]{section*.1}{How Does the Street Vendors \(Protection of Livelihood and Regulation of Street Vending\) Act, 2014, Apply These Rights?}{Doc-Start}% 5
\BOOKMARK [1][-]{section*.1}{How Has the Judiciary Interpreted the Act?}{}% 6
\BOOKMARK [2][-]{section*.2}{Summary of Issues Contested and Case Outcomes}{section*.1}% 7
\BOOKMARK [2][-]{section*.2}{Are Vendor Evictions Lawful?}{section*.1}% 8
\BOOKMARK [2][-]{section*.2}{Vendors Lacking Recourse to Challenge Voter Lists for TVC Elections}{section*.1}% 9
\BOOKMARK [1][-]{section*.2}{How Do States Fare on Implementation?}{}% 10
\BOOKMARK [2][-]{table.caption.3}{Summary of Findings}{section*.2}% 11
\BOOKMARK [2][-]{table.caption.3}{26 States Have Drafted and Notified the Rules}{section*.2}% 12
\BOOKMARK [2][-]{table.caption.3}{10 States Have Drafted and Notified the Scheme}{section*.2}% 13
\BOOKMARK [2][-]{table.caption.3}{Four States Have Formed Grievance Redressal Committees}{section*.2}% 14
\BOOKMARK [2][-]{table.caption.3}{Of the 7,263 Towns from 30 States, 33\045 Have Formed Town Vending Committees}{section*.2}% 15
\BOOKMARK [2][-]{table.caption.3}{Of the 2,382 Town Vending Committees Formed, 58\045 Claim to Have Vendor Representation}{section*.2}% 16
\BOOKMARK [2][-]{table.caption.3}{Of the 2,382 Town Vending Committees Formed, 98\045 Have Enumerated Vendors}{section*.2}% 17
\BOOKMARK [2][-]{table.caption.3}{Of the 2,382 Town Vending Committees Formed, 50\045 Have Issued Identity Cards to 75\045 of Identified Vendors}{section*.2}% 18
\BOOKMARK [2][-]{table.caption.3}{Twenty Percent of the TVCs Have A Published Street Vending Plan}{section*.2}% 19
\BOOKMARK [2][-]{table.caption.3}{Thirty-One Percent of Town Vending Committees Have Published the Street Vendor Charter}{section*.2}% 20
\BOOKMARK [2][-]{table.caption.3}{Six States Have Assigned Office Space to Town Vending Committees}{section*.2}% 21
\BOOKMARK [1][-]{table.caption.4}{Which States Have Done Better Than The Others?}{}% 22
\BOOKMARK [1][-]{table.4}{Closer to the Field: Challenges in Implementation}{}% 23
\BOOKMARK [2][-]{section*.5}{Gurugram: Hired Private Agencies to Manage and Regulate Vendors}{table.4}% 24
\BOOKMARK [2][-]{table.5}{Mandate of the Act v/s Mandate of the MCG: Only 14\045 Vendor Representation in TVC, Instead of 40\045}{table.4}% 25
\BOOKMARK [2][-]{figure.caption.6}{Mandate v/s Practice: Only 3 out of 17 Attendees Represented Vendors at the TVC Meeting, Resulting in Biased Decisions}{table.4}% 26
\BOOKMARK [2][-]{figure.caption.7}{Contracting out TVC functions: Enabling or disabling Governance?}{table.4}% 27
\BOOKMARK [2][-]{figure.caption.7}{Multiple Surveys, Multiple Identities?}{table.4}% 28
\BOOKMARK [2][-]{figure.caption.8}{No Mechanism for Dispute Redressal, Despite Piling Complaints}{table.4}% 29
\BOOKMARK [1][-]{figure.caption.8}{Conclusion}{}% 30
\BOOKMARK [1][-]{figure.caption.8}{Bibliography}{}% 31
\BOOKMARK [1][-]{figure.caption.8}{Appendices}{}% 32
\BOOKMARK [1][-]{appendix.A}{References for Legal Analysis}{}% 33
\BOOKMARK [1][-]{appendix.B}{Formula Used to Calculate the Index}{}% 34
\BOOKMARK [1][-]{appendix.C}{Questionnaire for SV Act Implementation}{}% 35
\BOOKMARK [1][-]{appendix.D}{List of TVC members as mandated by MCG}{}% 36
\BOOKMARK [1][-]{appendix.E}{List of TVC members as per TVC Meeting of August 2018}{}% 37
\BOOKMARK [1][-]{appendix.F}{Receipt of Maintenance Fee Paid by Vendors}{}% 38
\BOOKMARK [1][-]{appendix.G}{Complaint Made By a Private Party to MCG against RWA}{}% 39
